MO - ARVRDEV Final Project/Library/Bee/Android/Prj/Mono2x/Gradle/unityLibrary/build/outputs/logs/manifest-merger-release-report.txt
-- Merging decision tree log ---
manifest
ADDED from src\main\AndroidManifest.xml:2:1-28:12
INJECTED from src\main\AndroidManifest.xml:2:1-28:12
INJECTED from src\main\AndroidManifest.xml:2:1-28:12
INJECTED from src\main\AndroidManifest.xml:2:1-28:12
INJECTED from src\main\AndroidManifest.xml:2:1-28:12
INJECTED from src\main\AndroidManifest.xml:2:1-28:12
INJECTED from src\main\AndroidManifest.xml:2:1-28:12
	package
		ADDED from src\main\AndroidManifest.xml:2:70-98
		INJECTED from src\main\AndroidManifest.xml
		INJECTED from src\main\AndroidManifest.xml
	android:versionName
		INJECTED from src\main\AndroidManifest.xml
		ADDED from src\main\AndroidManifest.xml:2:1-28:12
		INJECTED from src\main\AndroidManifest.xml
	xmlns:tools
		ADDED from src\main\AndroidManifest.xml:2:99-145
	android:versionCode
		INJECTED from src\main\AndroidManifest.xml
		ADDED from src\main\AndroidManifest.xml:2:1-28:12
		INJECTED from src\main\AndroidManifest.xml
	xmlns:android
		ADDED from src\main\AndroidManifest.xml:2:11-69
application
ADDED from src\main\AndroidManifest.xml:3:3-17:17
	android:extractNativeLibs
		ADDED from src\main\AndroidManifest.xml:3:16-48
	android:isGame
		ADDED from src\main\AndroidManifest.xml:3:49-70
activity#com.unity3d.player.UnityPlayerActivity
ADDED from src\main\AndroidManifest.xml:4:5-11:16
	android:screenOrientation
		ADDED from src\main\AndroidManifest.xml:4:111-149
	android:launchMode
		ADDED from src\main\AndroidManifest.xml:4:150-181
	android:hardwareAccelerated
		ADDED from src\main\AndroidManifest.xml:4:399-434
	android:resizeableActivity
		ADDED from src\main\AndroidManifest.xml:4:364-398
	android:configChanges
		ADDED from src\main\AndroidManifest.xml:4:182-363
	android:theme
		ADDED from src\main\AndroidManifest.xml:4:69-110
	android:name
		ADDED from src\main\AndroidManifest.xml:4:15-68
intent-filter#action:name:android.intent.action.MAIN+category:name:android.intent.category.LAUNCHER+category:name:android.intent.category.LEANBACK_LAUNCHER
ADDED from src\main\AndroidManifest.xml:5:7-9:23
action#android.intent.action.MAIN
ADDED from src\main\AndroidManifest.xml:6:9-61
	android:name
		ADDED from src\main\AndroidManifest.xml:6:17-58
category#android.intent.category.LAUNCHER
ADDED from src\main\AndroidManifest.xml:7:9-69
	android:name
		ADDED from src\main\AndroidManifest.xml:7:19-66
category#android.intent.category.LEANBACK_LAUNCHER
ADDED from src\main\AndroidManifest.xml:8:9-78
	android:name
		ADDED from src\main\AndroidManifest.xml:8:19-75
meta-data#unityplayer.UnityActivity
ADDED from src\main\AndroidManifest.xml:10:7-82
	android:value
		ADDED from src\main\AndroidManifest.xml:10:59-79
	android:name
		ADDED from src\main\AndroidManifest.xml:10:18-58
meta-data#unity.splash-mode
ADDED from src\main\AndroidManifest.xml:12:5-69
	android:value
		ADDED from src\main\AndroidManifest.xml:12:49-66
	android:name
		ADDED from src\main\AndroidManifest.xml:12:16-48
meta-data#unity.splash-enable
ADDED from src\main\AndroidManifest.xml:13:5-74
	android:value
		ADDED from src\main\AndroidManifest.xml:13:51-71
	android:name
		ADDED from src\main\AndroidManifest.xml:13:16-50
meta-data#unity.launch-fullscreen
ADDED from src\main\AndroidManifest.xml:14:5-78
	android:value
		ADDED from src\main\AndroidManifest.xml:14:55-75
	android:name
		ADDED from src\main\AndroidManifest.xml:14:16-54
meta-data#unity.allow-resizable-window
ADDED from src\main\AndroidManifest.xml:15:5-84
	android:value
		ADDED from src\main\AndroidManifest.xml:15:60-81
	android:name
		ADDED from src\main\AndroidManifest.xml:15:16-59
meta-data#com.google.ar.core
ADDED from src\main\AndroidManifest.xml:16:5-77
	android:value
		ADDED from src\main\AndroidManifest.xml:16:50-74
	android:name
		ADDED from src\main\AndroidManifest.xml:16:16-49
uses-feature#0x00020000
ADDED from src\main\AndroidManifest.xml:18:3-52
	android:glEsVersion
		ADDED from src\main\AndroidManifest.xml:18:17-49
uses-permission#android.permission.INTERNET
ADDED from src\main\AndroidManifest.xml:19:3-65
	android:name
		ADDED from src\main\AndroidManifest.xml:19:20-62
uses-permission#android.permission.ACCESS_NETWORK_STATE
ADDED from src\main\AndroidManifest.xml:20:3-77
	android:name
		ADDED from src\main\AndroidManifest.xml:20:20-74
uses-permission#android.permission.CAMERA
ADDED from src\main\AndroidManifest.xml:21:3-63
	android:name
		ADDED from src\main\AndroidManifest.xml:21:20-60
uses-feature#android.hardware.camera
ADDED from src\main\AndroidManifest.xml:22:3-83
	android:required
		ADDED from src\main\AndroidManifest.xml:22:56-80
	android:name
		ADDED from src\main\AndroidManifest.xml:22:17-55
uses-feature#android.hardware.camera.autofocus
ADDED from src\main\AndroidManifest.xml:23:3-93
	android:required
		ADDED from src\main\AndroidManifest.xml:23:66-90
	android:name
		ADDED from src\main\AndroidManifest.xml:23:17-65
uses-feature#android.hardware.camera.front
ADDED from src\main\AndroidManifest.xml:24:3-89
	android:required
		ADDED from src\main\AndroidManifest.xml:24:62-86
	android:name
		ADDED from src\main\AndroidManifest.xml:24:17-61
uses-feature#android.hardware.touchscreen
ADDED from src\main\AndroidManifest.xml:25:3-88
	android:required
		ADDED from src\main\AndroidManifest.xml:25:61-85
	android:name
		ADDED from src\main\AndroidManifest.xml:25:17-60
uses-feature#android.hardware.touchscreen.multitouch
ADDED from src\main\AndroidManifest.xml:26:3-99
	android:required
		ADDED from src\main\AndroidManifest.xml:26:72-96
	android:name
		ADDED from src\main\AndroidManifest.xml:26:17-71
uses-feature#android.hardware.touchscreen.multitouch.distinct
ADDED from src\main\AndroidManifest.xml:27:3-108
	android:required
		ADDED from src\main\AndroidManifest.xml:27:81-105
	android:name
		ADDED from src\main\AndroidManifest.xml:27:17-80
uses-sdk
INJECTED from src\main\AndroidManifest.xml reason: use-sdk injection requested
INJECTED from src\main\AndroidManifest.xml
INJECTED from src\main\AndroidManifest.xml
INJECTED from src\main\AndroidManifest.xml
INJECTED from src\main\AndroidManifest.xml
	android:targetSdkVersion
		INJECTED from src\main\AndroidManifest.xml
		ADDED from src\main\AndroidManifest.xml
		INJECTED from src\main\AndroidManifest.xml
	android:minSdkVersion
		INJECTED from src\main\AndroidManifest.xml
		ADDED from src\main\AndroidManifest.xml
		INJECTED from src\main\AndroidManifest.xml